<?xml version="1.0" encoding="UTF-8"?>
<testng-results ignored="0" total="1" passed="1" failed="0" skipped="0">
  <reporter-output>
  </reporter-output>
  <suite started-at="2022-07-27T05:13:04 AST" name="Default suite" finished-at="2022-07-27T05:13:28 AST" duration-ms="23767">
    <groups>
    </groups>
    <test started-at="2022-07-27T05:13:04 AST" name="Default test" finished-at="2022-07-27T05:13:28 AST" duration-ms="23767">
      <class name="ass3ExampleUsingOR_ANDTypeofXPath.ChromWebDriver">
        <test-method is-config="true" signature="setUp()[pri:0, instance:ass3ExampleUsingOR_ANDTypeofXPath.ChromWebDriver@222114ba]" started-at="2022-07-27T05:13:04 AST" name="setUp" finished-at="2022-07-27T05:13:09 AST" duration-ms="5528" status="PASS">
          <reporter-output>
          </reporter-output>
        </test-method> <!-- setUp -->
        <test-method signature="LearnEnglishWebSite()[pri:0, instance:ass3ExampleUsingOR_ANDTypeofXPath.ChromWebDriver@222114ba]" started-at="2022-07-27T05:13:10 AST" name="LearnEnglishWebSite" finished-at="2022-07-27T05:13:28 AST" duration-ms="17980" status="PASS">
          <reporter-output>
          </reporter-output>
        </test-method> <!-- LearnEnglishWebSite -->
        <test-method is-config="true" signature="terminateBrowser()[pri:0, instance:ass3ExampleUsingOR_ANDTypeofXPath.ChromWebDriver@222114ba]" started-at="2022-07-27T05:13:28 AST" name="terminateBrowser" finished-at="2022-07-27T05:13:28 AST" duration-ms="189" status="PASS">
          <reporter-output>
          </reporter-output>
        </test-method> <!-- terminateBrowser -->
      </class> <!-- ass3ExampleUsingOR_ANDTypeofXPath.ChromWebDriver -->
    </test> <!-- Default test -->
  </suite> <!-- Default suite -->
</testng-results>
